<?xml version="1.0" encoding="UTF-8"?>
<testng-results ignored="0" total="1" passed="1" failed="0" skipped="0">
  <reporter-output>
  </reporter-output>
  <suite started-at="2023-11-22T21:34:16 IST" name="Default suite" finished-at="2023-11-22T21:34:46 IST" duration-ms="30319">
    <groups>
    </groups>
    <test started-at="2023-11-22T21:34:16 IST" name="Default test" finished-at="2023-11-22T21:34:46 IST" duration-ms="30319">
      <class name="Test.test1">
        <test-method is-config="true" signature="setUp()[pri:0, instance:Test.test1@298a5e20]" started-at="2023-11-22T21:34:16 IST" name="setUp" finished-at="2023-11-22T21:34:18 IST" duration-ms="2570" status="PASS">
          <reporter-output>
          </reporter-output>
        </test-method> <!-- setUp -->
        <test-method signature="test()[pri:0, instance:Test.test1@298a5e20]" started-at="2023-11-22T21:34:18 IST" name="test" finished-at="2023-11-22T21:34:46 IST" duration-ms="27691" status="PASS">
          <reporter-output>
          </reporter-output>
        </test-method> <!-- test -->
      </class> <!-- Test.test1 -->
    </test> <!-- Default test -->
  </suite> <!-- Default suite -->
</testng-results>
